<?xml version="1.0" encoding="UTF-8"?>
<testsuite xmlns:xsi="http://www.w3.org/2001/XMLSchema-instance" xsi:noNamespaceSchemaLocation="https://maven.apache.org/surefire/maven-surefire-plugin/xsd/surefire-test-report.xsd" name="PlaylistUseCaseAdapterTests" time="0.916" tests="6" errors="0" skipped="0" failures="0">
  <properties>
[...]
</properties>
  <testcase name="shouldReturnExceptionIfMusicNotFound" classname="PlaylistUseCaseAdapterTests" time="0.802"/>
  <testcase name="shouldReturnPlaylistFound" classname="PlaylistUseCaseAdapterTests" time="0.015"/>
  <testcase name="shouldRemoveMusicToExistentPlaylist" classname="PlaylistUseCaseAdapterTests" time="0.014"/>
  <testcase name="shouldAddNewMusicToExistentPlaylist" classname="PlaylistUseCaseAdapterTests" time="0.005"/>
  <testcase name="shouldReturnMusicFound" classname="PlaylistUseCaseAdapterTests" time="0.004"/>
  <testcase name="shouldReturnExceptionIfPlaylistNotFound" classname="PlaylistUseCaseAdapterTests" time="0.004"/>
</testsuite>